<?xml version="1.0" encoding="UTF-8"?>
<robot generator="Robot 3.1.2 (Python 3.7.1 on darwin)" generated="20190923 14:11:51.342" rpa="false">
<suite id="s1" name="Amazon" source="/Users/it000621/PycharmProjects/Amazon/Tests/amazon.robot">
<kw name="Open Home Page" type="setup">
<kw name="Open Browser" library="SeleniumLibrary">
<doc>Opens a new browser instance to the given ``url``.</doc>
<arguments>
<arg>${URL}</arg>
<arg>${BROWSER}</arg>
</arguments>
<msg timestamp="20190923 14:11:51.645" level="INFO">Opening browser 'Chrome' to base url 'http://www.amazon.com'.</msg>
<status status="PASS" starttime="20190923 14:11:51.645" endtime="20190923 14:11:57.513"></status>
</kw>
<status status="PASS" starttime="20190923 14:11:51.644" endtime="20190923 14:11:57.513"></status>
</kw>
<test id="s1-t1" name="Valid Login">
<kw name="Open Home Page">
<kw name="Open Browser" library="SeleniumLibrary">
<doc>Opens a new browser instance to the given ``url``.</doc>
<arguments>
<arg>${URL}</arg>
<arg>${BROWSER}</arg>
</arguments>
<msg timestamp="20190923 14:11:57.516" level="INFO">Opening browser 'Chrome' to base url 'http://www.amazon.com'.</msg>
<status status="PASS" starttime="20190923 14:11:57.515" endtime="20190923 14:12:03.360"></status>
</kw>
<status status="PASS" starttime="20190923 14:11:57.514" endtime="20190923 14:12:03.360"></status>
</kw>
<kw name="Wait Until Page Contains" library="SeleniumLibrary">
<doc>Waits until ``text`` appears on current page.</doc>
<arguments>
<arg>Your Amazon.com</arg>
</arguments>
<status status="PASS" starttime="20190923 14:12:03.360" endtime="20190923 14:12:03.611"></status>
</kw>
<kw name="Input Text" library="SeleniumLibrary">
<doc>Types the given ``text`` into text field identified by ``locator``.</doc>
<arguments>
<arg>id=twotabsearchtextbox</arg>
<arg>Ferrari 458</arg>
</arguments>
<msg timestamp="20190923 14:12:03.611" level="INFO">Typing text 'Ferrari 458' into text field 'id=twotabsearchtextbox'.</msg>
<status status="PASS" starttime="20190923 14:12:03.611" endtime="20190923 14:12:03.930"></status>
</kw>
<kw name="Click Button" library="SeleniumLibrary">
<doc>Clicks button identified by ``locator``.</doc>
<arguments>
<arg>xpath=//*[@id="nav-search"]/form/div[2]/div/input</arg>
</arguments>
<msg timestamp="20190923 14:12:03.931" level="INFO">Clicking button 'xpath=//*[@id="nav-search"]/form/div[2]/div/input'.</msg>
<status status="PASS" starttime="20190923 14:12:03.931" endtime="20190923 14:12:07.231"></status>
</kw>
<kw name="Wait Until Page Contains" library="SeleniumLibrary">
<doc>Waits until ``text`` appears on current page.</doc>
<arguments>
<arg>results for "Ferrari 458"</arg>
</arguments>
<status status="PASS" starttime="20190923 14:12:07.232" endtime="20190923 14:12:07.268"></status>
</kw>
<kw name="Click Image" library="SeleniumLibrary">
<doc>Clicks an image identified by ``locator``.</doc>
<arguments>
<arg>Thrustmaster Ferrari 458 Spider Racing Wheel for Xbox One</arg>
</arguments>
<msg timestamp="20190923 14:12:07.268" level="INFO">Clicking image 'Thrustmaster Ferrari 458 Spider Racing Wheel for Xbox One'.</msg>
<status status="PASS" starttime="20190923 14:12:07.268" endtime="20190923 14:12:14.172"></status>
</kw>
<kw name="Click Button" library="SeleniumLibrary">
<doc>Clicks button identified by ``locator``.</doc>
<arguments>
<arg>id=add-to-cart-button</arg>
</arguments>
<msg timestamp="20190923 14:12:14.173" level="INFO">Clicking button 'id=add-to-cart-button'.</msg>
<status status="PASS" starttime="20190923 14:12:14.173" endtime="20190923 14:12:20.796"></status>
</kw>
<kw name="Wait Until Page Contains" library="SeleniumLibrary">
<doc>Waits until ``text`` appears on current page.</doc>
<arguments>
<arg>Cart subtotal</arg>
</arguments>
<status status="PASS" starttime="20190923 14:12:20.796" endtime="20190923 14:12:20.819"></status>
</kw>
<kw name="Click Link" library="SeleniumLibrary">
<doc>Clicks a link identified by ``locator``.</doc>
<arguments>
<arg>Proceed to checkout (1 item)</arg>
</arguments>
<msg timestamp="20190923 14:12:20.820" level="INFO">Clicking link 'Proceed to checkout (1 item)'.</msg>
<status status="PASS" starttime="20190923 14:12:20.819" endtime="20190923 14:12:26.736"></status>
</kw>
<kw name="Wait Until Page Contains" library="SeleniumLibrary">
<doc>Waits until ``text`` appears on current page.</doc>
<arguments>
<arg>Sign-In</arg>
</arguments>
<status status="PASS" starttime="20190923 14:12:26.737" endtime="20190923 14:12:26.750"></status>
</kw>
<kw name="Sleep" library="BuiltIn">
<doc>Pauses the test executed for the given time.</doc>
<arguments>
<arg>3s</arg>
</arguments>
<msg timestamp="20190923 14:12:29.751" level="INFO">Slept 3 seconds</msg>
<status status="PASS" starttime="20190923 14:12:26.750" endtime="20190923 14:12:29.751"></status>
</kw>
<kw name="Close Home Page">
<kw name="Close All Browsers" library="SeleniumLibrary">
<doc>Closes all open browsers and resets the browser cache.</doc>
<status status="PASS" starttime="20190923 14:12:29.752" endtime="20190923 14:12:30.003"></status>
</kw>
<status status="PASS" starttime="20190923 14:12:29.751" endtime="20190923 14:12:30.003"></status>
</kw>
<doc>Basic info about the test</doc>
<tags>
<tag>Smoke</tag>
</tags>
<status status="PASS" starttime="20190923 14:11:57.513" endtime="20190923 14:12:30.003" critical="yes"></status>
</test>
<kw name="Close Home Page" type="teardown">
<kw name="Close All Browsers" library="SeleniumLibrary">
<doc>Closes all open browsers and resets the browser cache.</doc>
<status status="PASS" starttime="20190923 14:12:30.006" endtime="20190923 14:12:30.006"></status>
</kw>
<status status="PASS" starttime="20190923 14:12:30.006" endtime="20190923 14:12:30.007"></status>
</kw>
<doc>This is some basic info about the whole suite</doc>
<status status="PASS" starttime="20190923 14:11:51.344" endtime="20190923 14:12:30.007"></status>
</suite>
<statistics>
<total>
<stat pass="1" fail="0">Critical Tests</stat>
<stat pass="1" fail="0">All Tests</stat>
</total>
<tag>
<stat pass="1" fail="0">Smoke</stat>
</tag>
<suite>
<stat pass="1" fail="0" id="s1" name="Amazon">Amazon</stat>
</suite>
</statistics>
<errors>
</errors>
</robot>
