<?xml version="1.0" encoding="UTF-8"?>
<robot generator="Robot 3.1.2 (Python 3.7.1 on darwin)" generated="20190923 16:11:31.306" rpa="false">
<suite id="s1" name="Amazon Surfing" source="/Users/it000621/PycharmProjects/Amazon/Test_1/amazon_surfing.robot">
<test id="s1-t1" name="Valid Surfing">
<kw name="Open Home Page" library="resource">
<kw name="Open Browser" library="SeleniumLibrary">
<doc>Opens a new browser instance to the given ``url``.</doc>
<arguments>
<arg>${Surfing URL}</arg>
<arg>${BROWSER}</arg>
</arguments>
<msg timestamp="20190923 16:11:31.618" level="INFO">Opening browser 'Chrome' to base url 'http://www.amazon.com'.</msg>
<status status="PASS" starttime="20190923 16:11:31.617" endtime="20190923 16:11:37.155"></status>
</kw>
<kw name="Maximize Browser Window" library="SeleniumLibrary">
<doc>Maximizes current browser window.</doc>
<status status="PASS" starttime="20190923 16:11:37.159" endtime="20190923 16:11:37.549"></status>
</kw>
<status status="PASS" starttime="20190923 16:11:31.617" endtime="20190923 16:11:37.550"></status>
</kw>
<kw name="Wait Until Page Contains" library="SeleniumLibrary">
<doc>Waits until ``text`` appears on current page.</doc>
<arguments>
<arg>Your Amazon.com</arg>
</arguments>
<status status="PASS" starttime="20190923 16:11:37.550" endtime="20190923 16:11:37.598"></status>
</kw>
<kw name="Input Text" library="SeleniumLibrary">
<doc>Types the given ``text`` into text field identified by ``locator``.</doc>
<arguments>
<arg>id=twotabsearchtextbox</arg>
<arg>Ferrari 458</arg>
</arguments>
<msg timestamp="20190923 16:11:37.599" level="INFO">Typing text 'Ferrari 458' into text field 'id=twotabsearchtextbox'.</msg>
<status status="PASS" starttime="20190923 16:11:37.598" endtime="20190923 16:11:37.855"></status>
</kw>
<kw name="Click Button" library="SeleniumLibrary">
<doc>Clicks button identified by ``locator``.</doc>
<arguments>
<arg>xpath=//*[@id="nav-search"]/form/div[2]/div/input</arg>
</arguments>
<msg timestamp="20190923 16:11:37.855" level="INFO">Clicking button 'xpath=//*[@id="nav-search"]/form/div[2]/div/input'.</msg>
<status status="PASS" starttime="20190923 16:11:37.855" endtime="20190923 16:11:41.232"></status>
</kw>
<kw name="Wait Until Page Contains" library="SeleniumLibrary">
<doc>Waits until ``text`` appears on current page.</doc>
<arguments>
<arg>results for "Ferrari 458"</arg>
</arguments>
<status status="PASS" starttime="20190923 16:11:41.232" endtime="20190923 16:11:41.286"></status>
</kw>
<kw name="Click Image" library="SeleniumLibrary">
<doc>Clicks an image identified by ``locator``.</doc>
<arguments>
<arg>Thrustmaster Ferrari 458 Spider Racing Wheel for Xbox One</arg>
</arguments>
<msg timestamp="20190923 16:11:41.286" level="INFO">Clicking image 'Thrustmaster Ferrari 458 Spider Racing Wheel for Xbox One'.</msg>
<status status="PASS" starttime="20190923 16:11:41.286" endtime="20190923 16:11:44.029"></status>
</kw>
<kw name="Click Button" library="SeleniumLibrary">
<doc>Clicks button identified by ``locator``.</doc>
<arguments>
<arg>id=add-to-cart-button</arg>
</arguments>
<msg timestamp="20190923 16:11:44.030" level="INFO">Clicking button 'id=add-to-cart-button'.</msg>
<status status="PASS" starttime="20190923 16:11:44.030" endtime="20190923 16:11:45.567"></status>
</kw>
<kw name="Wait Until Page Contains" library="SeleniumLibrary">
<doc>Waits until ``text`` appears on current page.</doc>
<arguments>
<arg>Cart subtotal</arg>
</arguments>
<status status="PASS" starttime="20190923 16:11:45.568" endtime="20190923 16:11:45.609"></status>
</kw>
<kw name="Click Link" library="SeleniumLibrary">
<doc>Clicks a link identified by ``locator``.</doc>
<arguments>
<arg>Proceed to checkout (1 item)</arg>
</arguments>
<msg timestamp="20190923 16:11:45.610" level="INFO">Clicking link 'Proceed to checkout (1 item)'.</msg>
<status status="PASS" starttime="20190923 16:11:45.609" endtime="20190923 16:11:47.560"></status>
</kw>
<kw name="Wait Until Page Contains" library="SeleniumLibrary">
<doc>Waits until ``text`` appears on current page.</doc>
<arguments>
<arg>Sign-In</arg>
</arguments>
<status status="PASS" starttime="20190923 16:11:47.560" endtime="20190923 16:11:47.573"></status>
</kw>
<kw name="Sleep" library="BuiltIn">
<doc>Pauses the test executed for the given time.</doc>
<arguments>
<arg>3s</arg>
</arguments>
<msg timestamp="20190923 16:11:50.575" level="INFO">Slept 3 seconds</msg>
<status status="PASS" starttime="20190923 16:11:47.573" endtime="20190923 16:11:50.575"></status>
</kw>
<kw name="Close Home Page" library="resource" type="teardown">
<kw name="Close All Browsers" library="SeleniumLibrary">
<doc>Closes all open browsers and resets the browser cache.</doc>
<status status="PASS" starttime="20190923 16:11:50.576" endtime="20190923 16:11:50.766"></status>
</kw>
<status status="PASS" starttime="20190923 16:11:50.576" endtime="20190923 16:11:50.766"></status>
</kw>
<tags>
<tag>Data Surfing</tag>
</tags>
<status status="PASS" starttime="20190923 16:11:31.617" endtime="20190923 16:11:50.767" critical="yes"></status>
</test>
<test id="s1-t2" name="Search Flights">
<kw name="Open Flight Home Page" library="resource">
<kw name="Open Browser" library="SeleniumLibrary">
<doc>Opens a new browser instance to the given ``url``.</doc>
<arguments>
<arg>${search_flight_url}</arg>
<arg>${BROWSER}</arg>
</arguments>
<msg timestamp="20190923 16:11:50.769" level="INFO">Opening browser 'Chrome' to base url 'http://blazedemo.com/'.</msg>
<status status="PASS" starttime="20190923 16:11:50.769" endtime="20190923 16:11:54.528"></status>
</kw>
<kw name="Maximize Browser Window" library="SeleniumLibrary">
<doc>Maximizes current browser window.</doc>
<status status="PASS" starttime="20190923 16:11:54.529" endtime="20190923 16:11:54.739"></status>
</kw>
<status status="PASS" starttime="20190923 16:11:50.768" endtime="20190923 16:11:54.740"></status>
</kw>
<kw name="Select Departure City" library="resource">
<arguments>
<arg>Paris</arg>
</arguments>
<kw name="Select From List By Value" library="SeleniumLibrary">
<doc>Selects options from selection list ``locator`` by ``values``.</doc>
<arguments>
<arg>xpath://select[@name='fromPort']</arg>
<arg>${departure_city}</arg>
</arguments>
<msg timestamp="20190923 16:11:54.741" level="INFO">Selecting options from selection list 'xpath://select[@name='fromPort']' by value Paris.</msg>
<status status="PASS" starttime="20190923 16:11:54.741" endtime="20190923 16:11:54.808"></status>
</kw>
<status status="PASS" starttime="20190923 16:11:54.740" endtime="20190923 16:11:54.808"></status>
</kw>
<kw name="Select Destination City" library="resource">
<arguments>
<arg>London</arg>
</arguments>
<kw name="Select From List By Value" library="SeleniumLibrary">
<doc>Selects options from selection list ``locator`` by ``values``.</doc>
<arguments>
<arg>xpath://select[@name='toPort']</arg>
<arg>${destination_city}</arg>
</arguments>
<msg timestamp="20190923 16:11:54.809" level="INFO">Selecting options from selection list 'xpath://select[@name='toPort']' by value London.</msg>
<status status="PASS" starttime="20190923 16:11:54.808" endtime="20190923 16:11:54.866"></status>
</kw>
<status status="PASS" starttime="20190923 16:11:54.808" endtime="20190923 16:11:54.867"></status>
</kw>
<kw name="Search For Flights" library="resource">
<kw name="Click Button" library="SeleniumLibrary">
<doc>Clicks button identified by ``locator``.</doc>
<arguments>
<arg>css:input[type='submit']</arg>
</arguments>
<msg timestamp="20190923 16:11:54.867" level="INFO">Clicking button 'css:input[type='submit']'.</msg>
<status status="PASS" starttime="20190923 16:11:54.867" endtime="20190923 16:11:55.156"></status>
</kw>
<status status="PASS" starttime="20190923 16:11:54.867" endtime="20190923 16:11:55.156"></status>
</kw>
<kw name="There are available Flights" library="resource">
<kw name="Get WebElements" library="SeleniumLibrary">
<doc>Returns list of WebElement objects matching the ``locator``.</doc>
<arguments>
<arg>css:table[class='table']&gt;tbody tr</arg>
</arguments>
<assign>
<var>@{flights}</var>
</assign>
<msg timestamp="20190923 16:11:55.170" level="INFO">@{flights} = [ &lt;selenium.webdriver.remote.webelement.WebElement (session="1bbf2796a8c30e95226bbea6b0481edc", element="664345ea-9a24-4013-917d-c4876a65bf74")&gt; | &lt;selenium.webdriver.remote.webelement.WebElement (ses...</msg>
<status status="PASS" starttime="20190923 16:11:55.157" endtime="20190923 16:11:55.170"></status>
</kw>
<kw name="Should Not Be Empty" library="BuiltIn">
<doc>Verifies that the given item is not empty.</doc>
<arguments>
<arg>${flights}</arg>
</arguments>
<msg timestamp="20190923 16:11:55.171" level="INFO">Length is 5</msg>
<status status="PASS" starttime="20190923 16:11:55.170" endtime="20190923 16:11:55.171"></status>
</kw>
<status status="PASS" starttime="20190923 16:11:55.157" endtime="20190923 16:11:55.171"></status>
</kw>
<kw name="Close Home Page" library="resource" type="teardown">
<kw name="Close All Browsers" library="SeleniumLibrary">
<doc>Closes all open browsers and resets the browser cache.</doc>
<status status="PASS" starttime="20190923 16:11:55.171" endtime="20190923 16:11:55.260"></status>
</kw>
<status status="PASS" starttime="20190923 16:11:55.171" endtime="20190923 16:11:55.260"></status>
</kw>
<tags>
<tag>search_flights</tag>
</tags>
<status status="PASS" starttime="20190923 16:11:50.768" endtime="20190923 16:11:55.260" critical="yes"></status>
</test>
<test id="s1-t3" name="Valid Login">
<kw name="Open Browser To Login Page" library="resource">
<kw name="Open Browser" library="SeleniumLibrary">
<doc>Opens a new browser instance to the given ``url``.</doc>
<arguments>
<arg>${LOGIN URL}</arg>
<arg>${BROWSER}</arg>
</arguments>
<msg timestamp="20190923 16:11:55.266" level="INFO">Opening browser 'Chrome' to base url 'http://localhost:7272/'.</msg>
<status status="PASS" starttime="20190923 16:11:55.264" endtime="20190923 16:11:57.418"></status>
</kw>
<kw name="Maximize Browser Window" library="SeleniumLibrary">
<doc>Maximizes current browser window.</doc>
<status status="PASS" starttime="20190923 16:11:57.418" endtime="20190923 16:11:57.555"></status>
</kw>
<kw name="Set Selenium Speed" library="SeleniumLibrary">
<doc>Sets the delay that is waited after each Selenium command.</doc>
<arguments>
<arg>${DELAY}</arg>
</arguments>
<status status="PASS" starttime="20190923 16:11:57.555" endtime="20190923 16:11:57.556"></status>
</kw>
<kw name="Login Page Should Be Open" library="resource">
<kw name="Title Should Be" library="SeleniumLibrary">
<doc>Verifies that current page title equals ``title``.</doc>
<arguments>
<arg>Login Page</arg>
</arguments>
<msg timestamp="20190923 16:11:57.570" level="INFO">Page title is 'Login Page'.</msg>
<status status="PASS" starttime="20190923 16:11:57.557" endtime="20190923 16:11:57.570"></status>
</kw>
<status status="PASS" starttime="20190923 16:11:57.556" endtime="20190923 16:11:57.570"></status>
</kw>
<status status="PASS" starttime="20190923 16:11:55.262" endtime="20190923 16:11:57.571"></status>
</kw>
<kw name="Input Username" library="resource">
<arguments>
<arg>demo</arg>
</arguments>
<kw name="Input Text" library="SeleniumLibrary">
<doc>Types the given ``text`` into text field identified by ``locator``.</doc>
<arguments>
<arg>username_field</arg>
<arg>${username}</arg>
</arguments>
<msg timestamp="20190923 16:11:57.572" level="INFO">Typing text 'demo' into text field 'username_field'.</msg>
<status status="PASS" starttime="20190923 16:11:57.571" endtime="20190923 16:11:57.683"></status>
</kw>
<status status="PASS" starttime="20190923 16:11:57.571" endtime="20190923 16:11:57.683"></status>
</kw>
<kw name="Input Password" library="resource">
<arguments>
<arg>mode</arg>
</arguments>
<kw name="Input Text" library="SeleniumLibrary">
<doc>Types the given ``text`` into text field identified by ``locator``.</doc>
<arguments>
<arg>password_field</arg>
<arg>${password}</arg>
</arguments>
<msg timestamp="20190923 16:11:57.683" level="INFO">Typing text 'mode' into text field 'password_field'.</msg>
<status status="PASS" starttime="20190923 16:11:57.683" endtime="20190923 16:11:57.743"></status>
</kw>
<status status="PASS" starttime="20190923 16:11:57.683" endtime="20190923 16:11:57.743"></status>
</kw>
<kw name="Submit Credentials" library="resource">
<kw name="Click Button" library="SeleniumLibrary">
<doc>Clicks button identified by ``locator``.</doc>
<arguments>
<arg>login_button</arg>
</arguments>
<msg timestamp="20190923 16:11:57.744" level="INFO">Clicking button 'login_button'.</msg>
<status status="PASS" starttime="20190923 16:11:57.744" endtime="20190923 16:11:57.833"></status>
</kw>
<status status="PASS" starttime="20190923 16:11:57.743" endtime="20190923 16:11:57.834"></status>
</kw>
<kw name="Welcome Page Should Be Open" library="resource">
<kw name="Location Should Be" library="SeleniumLibrary">
<doc>Verifies that current URL is exactly ``url``.</doc>
<arguments>
<arg>${WELCOME URL}</arg>
</arguments>
<msg timestamp="20190923 16:11:57.841" level="INFO">Current location is 'http://localhost:7272/welcome.html'.</msg>
<status status="PASS" starttime="20190923 16:11:57.834" endtime="20190923 16:11:57.841"></status>
</kw>
<kw name="Title Should Be" library="SeleniumLibrary">
<doc>Verifies that current page title equals ``title``.</doc>
<arguments>
<arg>Welcome Page</arg>
</arguments>
<msg timestamp="20190923 16:11:57.845" level="INFO">Page title is 'Welcome Page'.</msg>
<status status="PASS" starttime="20190923 16:11:57.841" endtime="20190923 16:11:57.845"></status>
</kw>
<status status="PASS" starttime="20190923 16:11:57.834" endtime="20190923 16:11:57.845"></status>
</kw>
<kw name="Close Home Page" library="resource" type="teardown">
<kw name="Close All Browsers" library="SeleniumLibrary">
<doc>Closes all open browsers and resets the browser cache.</doc>
<status status="PASS" starttime="20190923 16:11:57.845" endtime="20190923 16:11:57.921"></status>
</kw>
<status status="PASS" starttime="20190923 16:11:57.845" endtime="20190923 16:11:57.921"></status>
</kw>
<tags>
<tag>Login</tag>
</tags>
<status status="PASS" starttime="20190923 16:11:55.261" endtime="20190923 16:11:57.921" critical="yes"></status>
</test>
<doc>A test suite with a single test for valid login.

This test has a workflow that is created using keywords in
the imported resource file.</doc>
<status status="PASS" starttime="20190923 16:11:31.307" endtime="20190923 16:11:57.924"></status>
</suite>
<statistics>
<total>
<stat pass="3" fail="0">Critical Tests</stat>
<stat pass="3" fail="0">All Tests</stat>
</total>
<tag>
<stat pass="1" fail="0">Data Surfing</stat>
<stat pass="1" fail="0">Login</stat>
<stat pass="1" fail="0">search_flights</stat>
</tag>
<suite>
<stat pass="3" fail="0" id="s1" name="Amazon Surfing">Amazon Surfing</stat>
</suite>
</statistics>
<errors>
</errors>
</robot>
